2021-04-29 10:08:24.290  INFO 19352 --- [RMI TCP Connection(656)-127.0.0.1] inMXBeanRegistrar$SpringApplicationAdmin : Application shutdown requested.
2021-04-29 10:08:24.861  INFO 19352 --- [RMI TCP Connection(656)-127.0.0.1] o.s.s.concurrent.ThreadPoolTaskExecutor  : Shutting down ExecutorService 'webCrawlerTaskExecutor'
2021-04-29 10:27:11.899  INFO 2900 --- [restartedMain] c.d.webCrawler.WebCrawlerApplication     : Starting WebCrawlerApplication using Java 15.0.2 on DESKTOP-1UO7TTD with PID 2900 (C:\Users\Dagim\Downloads\webCrawler\target\classes started by Dagim in C:\Users\Dagim\Downloads\webCrawler)
2021-04-29 10:27:11.906  INFO 2900 --- [restartedMain] c.d.webCrawler.WebCrawlerApplication     : No active profile set, falling back to default profiles: default
2021-04-29 10:27:12.027  INFO 2900 --- [restartedMain] .e.DevToolsPropertyDefaultsPostProcessor : Devtools property defaults active! Set 'spring.devtools.add-properties' to 'false' to disable
2021-04-29 10:27:12.028  INFO 2900 --- [restartedMain] .e.DevToolsPropertyDefaultsPostProcessor : For additional web related logging consider setting the 'logging.level.web' property to 'DEBUG'
2021-04-29 10:27:15.203  INFO 2900 --- [restartedMain] o.s.b.w.embedded.tomcat.TomcatWebServer  : Tomcat initialized with port(s): 5000 (http)
2021-04-29 10:27:15.216  INFO 2900 --- [restartedMain] o.apache.catalina.core.StandardService   : Starting service [Tomcat]
2021-04-29 10:27:15.216  INFO 2900 --- [restartedMain] org.apache.catalina.core.StandardEngine  : Starting Servlet engine: [Apache Tomcat/9.0.44]
2021-04-29 10:27:15.332  INFO 2900 --- [restartedMain] o.a.c.c.C.[Tomcat].[localhost].[/]       : Initializing Spring embedded WebApplicationContext
2021-04-29 10:27:15.333  INFO 2900 --- [restartedMain] w.s.c.ServletWebServerApplicationContext : Root WebApplicationContext: initialization completed in 3304 ms
2021-04-29 10:27:17.217  INFO 2900 --- [restartedMain] o.s.b.a.e.web.EndpointLinksResolver      : Exposing 14 endpoint(s) beneath base path '/actuator'
2021-04-29 10:27:17.463  INFO 2900 --- [restartedMain] o.s.s.concurrent.ThreadPoolTaskExecutor  : Initializing ExecutorService
2021-04-29 10:27:17.478  INFO 2900 --- [restartedMain] o.s.s.concurrent.ThreadPoolTaskExecutor  : Initializing ExecutorService 'webCrawlerTaskExecutor'
2021-04-29 10:27:17.882  INFO 2900 --- [restartedMain] o.s.b.d.a.OptionalLiveReloadServer       : LiveReload server is running on port 35729
2021-04-29 10:27:18.961  INFO 2900 --- [restartedMain] o.s.b.w.embedded.tomcat.TomcatWebServer  : Tomcat started on port(s): 5000 (http) with context path ''
2021-04-29 10:27:19.112  INFO 2900 --- [http-nio-5000-exec-1] o.a.c.c.C.[Tomcat].[localhost].[/]       : Initializing Spring DispatcherServlet 'dispatcherServlet'
2021-04-29 10:27:19.113  INFO 2900 --- [http-nio-5000-exec-1] o.s.web.servlet.DispatcherServlet        : Initializing Servlet 'dispatcherServlet'
2021-04-29 10:27:19.119  INFO 2900 --- [http-nio-5000-exec-1] o.s.web.servlet.DispatcherServlet        : Completed initialization in 6 ms
2021-04-29 10:27:20.649  INFO 2900 --- [restartedMain] c.d.webCrawler.WebCrawlerApplication     : Started WebCrawlerApplication in 9.49 seconds (JVM running for 11.193)
2021-04-29 10:42:52.440  INFO 2900 --- [RMI TCP Connection(20)-127.0.0.1] inMXBeanRegistrar$SpringApplicationAdmin : Application shutdown requested.
2021-04-29 10:42:52.515  INFO 2900 --- [RMI TCP Connection(20)-127.0.0.1] o.s.s.concurrent.ThreadPoolTaskExecutor  : Shutting down ExecutorService 'webCrawlerTaskExecutor'
