2021-04-12 05:46:24.150  INFO 12784 --- [restartedMain] c.d.webCrawler.WebCrawlerApplication     : Starting WebCrawlerApplication using Java 15.0.2 on DESKTOP-1UO7TTD with PID 12784 (C:\Users\Dagim\Downloads\webCrawler\target\classes started by Dagim in C:\Users\Dagim\Downloads\webCrawler)
2021-04-12 05:46:24.157  INFO 12784 --- [restartedMain] c.d.webCrawler.WebCrawlerApplication     : No active profile set, falling back to default profiles: default
2021-04-12 05:46:24.227  INFO 12784 --- [restartedMain] .e.DevToolsPropertyDefaultsPostProcessor : Devtools property defaults active! Set 'spring.devtools.add-properties' to 'false' to disable
2021-04-12 05:46:24.236  INFO 12784 --- [restartedMain] .e.DevToolsPropertyDefaultsPostProcessor : For additional web related logging consider setting the 'logging.level.web' property to 'DEBUG'
2021-04-12 05:46:26.040  INFO 12784 --- [restartedMain] o.s.b.w.embedded.tomcat.TomcatWebServer  : Tomcat initialized with port(s): 5000 (http)
2021-04-12 05:46:26.051  INFO 12784 --- [restartedMain] o.apache.catalina.core.StandardService   : Starting service [Tomcat]
2021-04-12 05:46:26.051  INFO 12784 --- [restartedMain] org.apache.catalina.core.StandardEngine  : Starting Servlet engine: [Apache Tomcat/9.0.44]
2021-04-12 05:46:26.144  INFO 12784 --- [restartedMain] o.a.c.c.C.[Tomcat].[localhost].[/]       : Initializing Spring embedded WebApplicationContext
2021-04-12 05:46:26.145  INFO 12784 --- [restartedMain] w.s.c.ServletWebServerApplicationContext : Root WebApplicationContext: initialization completed in 1908 ms
2021-04-12 05:46:26.959  INFO 12784 --- [restartedMain] o.s.b.a.e.web.EndpointLinksResolver      : Exposing 2 endpoint(s) beneath base path '/actuator'
2021-04-12 05:46:27.038  INFO 12784 --- [restartedMain] o.s.s.concurrent.ThreadPoolTaskExecutor  : Initializing ExecutorService
2021-04-12 05:46:27.039  INFO 12784 --- [restartedMain] o.s.s.concurrent.ThreadPoolTaskExecutor  : Initializing ExecutorService 'webCrawlerTaskExecutor'
2021-04-12 05:46:27.148  INFO 12784 --- [restartedMain] o.s.b.d.a.OptionalLiveReloadServer       : LiveReload server is running on port 35729
2021-04-12 05:46:27.439  INFO 12784 --- [restartedMain] o.s.b.w.embedded.tomcat.TomcatWebServer  : Tomcat started on port(s): 5000 (http) with context path ''
2021-04-12 05:46:27.777  INFO 12784 --- [restartedMain] c.d.webCrawler.WebCrawlerApplication     : Started WebCrawlerApplication in 4.151 seconds (JVM running for 5.482)
2021-04-12 05:46:29.673  INFO 12784 --- [RMI TCP Connection(3)-127.0.0.1] o.a.c.c.C.[Tomcat].[localhost].[/]       : Initializing Spring DispatcherServlet 'dispatcherServlet'
2021-04-12 05:46:29.673  INFO 12784 --- [RMI TCP Connection(3)-127.0.0.1] o.s.web.servlet.DispatcherServlet        : Initializing Servlet 'dispatcherServlet'
2021-04-12 05:46:29.675  INFO 12784 --- [RMI TCP Connection(3)-127.0.0.1] o.s.web.servlet.DispatcherServlet        : Completed initialization in 2 ms
2021-04-12 07:47:13.584  INFO 12784 --- [RMI TCP Connection(89)-127.0.0.1] inMXBeanRegistrar$SpringApplicationAdmin : Application shutdown requested.
2021-04-12 07:47:13.631  INFO 12784 --- [RMI TCP Connection(89)-127.0.0.1] o.s.s.concurrent.ThreadPoolTaskExecutor  : Shutting down ExecutorService 'webCrawlerTaskExecutor'
2021-04-12 08:20:26.381  INFO 14136 --- [main] c.d.webCrawler.api.WebCrawlerApiTest     : Starting WebCrawlerApiTest using Java 15.0.2 on DESKTOP-1UO7TTD with PID 14136 (started by Dagim in C:\Users\Dagim\Downloads\webCrawler)
2021-04-12 08:20:26.385  INFO 14136 --- [main] c.d.webCrawler.api.WebCrawlerApiTest     : No active profile set, falling back to default profiles: default
2021-04-12 08:20:30.262  INFO 14136 --- [main] o.s.s.concurrent.ThreadPoolTaskExecutor  : Initializing ExecutorService
2021-04-12 08:20:30.282  INFO 14136 --- [main] o.s.s.concurrent.ThreadPoolTaskExecutor  : Initializing ExecutorService 'webCrawlerTaskExecutor'
2021-04-12 08:20:31.273  INFO 14136 --- [main] o.s.b.t.m.w.SpringBootMockServletContext : Initializing Spring TestDispatcherServlet ''
2021-04-12 08:20:31.274  INFO 14136 --- [main] o.s.t.web.servlet.TestDispatcherServlet  : Initializing Servlet ''
2021-04-12 08:20:31.277  INFO 14136 --- [main] o.s.t.web.servlet.TestDispatcherServlet  : Completed initialization in 3 ms
2021-04-12 08:20:31.803  INFO 14136 --- [main] c.d.webCrawler.api.WebCrawlerApiTest     : Started WebCrawlerApiTest in 6.159 seconds (JVM running for 7.865)
2021-04-12 08:20:32.127  INFO 14136 --- [main] .b.t.c.SpringBootTestContextBootstrapper : Neither @ContextConfiguration nor @ContextHierarchy found for test class [com.dagim.webCrawler.service.CrawlerServiceUtilTest], using SpringBootContextLoader
2021-04-12 08:20:32.130  INFO 14136 --- [main] o.s.t.c.support.AbstractContextLoader    : Could not detect default resource locations for test class [com.dagim.webCrawler.service.CrawlerServiceUtilTest]: no resource found for suffixes {-context.xml, Context.groovy}.
2021-04-12 08:20:32.130  INFO 14136 --- [main] t.c.s.AnnotationConfigContextLoaderUtils : Could not detect default configuration classes for test class [com.dagim.webCrawler.service.CrawlerServiceUtilTest]: CrawlerServiceUtilTest does not declare any static, non-private, non-final, nested classes annotated with @Configuration.
2021-04-12 08:20:32.149  INFO 14136 --- [main] .b.t.c.SpringBootTestContextBootstrapper : Found @SpringBootConfiguration com.dagim.webCrawler.WebCrawlerApplication for test class com.dagim.webCrawler.service.CrawlerServiceUtilTest
2021-04-12 08:20:32.168  INFO 14136 --- [main] .b.t.c.SpringBootTestContextBootstrapper : Loaded default TestExecutionListener class names from location [META-INF/spring.factories]: [org.springframework.boot.test.mock.mockito.MockitoTestExecutionListener, org.springframework.boot.test.mock.mockito.ResetMocksTestExecutionListener, org.springframework.boot.test.autoconfigure.restdocs.RestDocsTestExecutionListener, org.springframework.boot.test.autoconfigure.web.client.MockRestServiceServerResetTestExecutionListener, org.springframework.boot.test.autoconfigure.web.servlet.MockMvcPrintOnlyOnFailureTestExecutionListener, org.springframework.boot.test.autoconfigure.web.servlet.WebDriverTestExecutionListener, org.springframework.boot.test.autoconfigure.webservices.client.MockWebServiceServerTestExecutionListener, org.springframework.test.context.web.ServletTestExecutionListener, org.springframework.test.context.support.DirtiesContextBeforeModesTestExecutionListener, org.springframework.test.context.event.ApplicationEventsTestExecutionListener, org.springframework.test.context.support.DependencyInjectionTestExecutionListener, org.springframework.test.context.support.DirtiesContextTestExecutionListener, org.springframework.test.context.transaction.TransactionalTestExecutionListener, org.springframework.test.context.jdbc.SqlScriptsTestExecutionListener, org.springframework.test.context.event.EventPublishingTestExecutionListener]
2021-04-12 08:20:32.171  INFO 14136 --- [main] .b.t.c.SpringBootTestContextBootstrapper : Using TestExecutionListeners: [org.springframework.test.context.web.ServletTestExecutionListener@4ad8d36f, org.springframework.test.context.support.DirtiesContextBeforeModesTestExecutionListener@74a5bef0, org.springframework.test.context.event.ApplicationEventsTestExecutionListener@68c4a860, org.springframework.boot.test.mock.mockito.MockitoTestExecutionListener@570ed9c, org.springframework.boot.test.autoconfigure.SpringBootDependencyInjectionTestExecutionListener@93f15f6, org.springframework.test.context.support.DirtiesContextTestExecutionListener@5034681f, org.springframework.test.context.event.EventPublishingTestExecutionListener@1dfe5dd1, org.springframework.boot.test.mock.mockito.ResetMocksTestExecutionListener@1fe05fff, org.springframework.boot.test.autoconfigure.restdocs.RestDocsTestExecutionListener@6e017950, org.springframework.boot.test.autoconfigure.web.client.MockRestServiceServerResetTestExecutionListener@1d06801f, org.springframework.boot.test.autoconfigure.web.servlet.MockMvcPrintOnlyOnFailureTestExecutionListener@727956bb, org.springframework.boot.test.autoconfigure.web.servlet.WebDriverTestExecutionListener@6ffbf0ac, org.springframework.boot.test.autoconfigure.webservices.client.MockWebServiceServerTestExecutionListener@ad5cffa]
2021-04-12 08:20:32.276  INFO 14136 --- [main] c.d.w.service.CrawlerServiceUtilTest     : Starting CrawlerServiceUtilTest using Java 15.0.2 on DESKTOP-1UO7TTD with PID 14136 (started by Dagim in C:\Users\Dagim\Downloads\webCrawler)
2021-04-12 08:20:32.277  INFO 14136 --- [main] c.d.w.service.CrawlerServiceUtilTest     : No active profile set, falling back to default profiles: default
2021-04-12 08:20:34.590  INFO 14136 --- [main] o.s.b.a.e.web.EndpointLinksResolver      : Exposing 2 endpoint(s) beneath base path '/actuator'
2021-04-12 08:20:34.791  INFO 14136 --- [main] o.s.s.concurrent.ThreadPoolTaskExecutor  : Initializing ExecutorService
2021-04-12 08:20:34.804  INFO 14136 --- [main] o.s.s.concurrent.ThreadPoolTaskExecutor  : Initializing ExecutorService 'webCrawlerTaskExecutor'
2021-04-12 08:20:35.666  INFO 14136 --- [main] c.d.w.service.CrawlerServiceUtilTest     : Started CrawlerServiceUtilTest in 3.486 seconds (JVM running for 11.727)
2021-04-12 08:20:36.187  INFO 14136 --- [main] .b.t.c.SpringBootTestContextBootstrapper : Neither @ContextConfiguration nor @ContextHierarchy found for test class [com.dagim.webCrawler.WebCrawlerApplicationTests], using SpringBootContextLoader
2021-04-12 08:20:36.188  INFO 14136 --- [main] o.s.t.c.support.AbstractContextLoader    : Could not detect default resource locations for test class [com.dagim.webCrawler.WebCrawlerApplicationTests]: no resource found for suffixes {-context.xml, Context.groovy}.
2021-04-12 08:20:36.194  INFO 14136 --- [main] t.c.s.AnnotationConfigContextLoaderUtils : Could not detect default configuration classes for test class [com.dagim.webCrawler.WebCrawlerApplicationTests]: WebCrawlerApplicationTests does not declare any static, non-private, non-final, nested classes annotated with @Configuration.
2021-04-12 08:20:36.203  INFO 14136 --- [main] .b.t.c.SpringBootTestContextBootstrapper : Found @SpringBootConfiguration com.dagim.webCrawler.WebCrawlerApplication for test class com.dagim.webCrawler.WebCrawlerApplicationTests
2021-04-12 08:20:36.207  INFO 14136 --- [main] .b.t.c.SpringBootTestContextBootstrapper : Loaded default TestExecutionListener class names from location [META-INF/spring.factories]: [org.springframework.boot.test.mock.mockito.MockitoTestExecutionListener, org.springframework.boot.test.mock.mockito.ResetMocksTestExecutionListener, org.springframework.boot.test.autoconfigure.restdocs.RestDocsTestExecutionListener, org.springframework.boot.test.autoconfigure.web.client.MockRestServiceServerResetTestExecutionListener, org.springframework.boot.test.autoconfigure.web.servlet.MockMvcPrintOnlyOnFailureTestExecutionListener, org.springframework.boot.test.autoconfigure.web.servlet.WebDriverTestExecutionListener, org.springframework.boot.test.autoconfigure.webservices.client.MockWebServiceServerTestExecutionListener, org.springframework.test.context.web.ServletTestExecutionListener, org.springframework.test.context.support.DirtiesContextBeforeModesTestExecutionListener, org.springframework.test.context.event.ApplicationEventsTestExecutionListener, org.springframework.test.context.support.DependencyInjectionTestExecutionListener, org.springframework.test.context.support.DirtiesContextTestExecutionListener, org.springframework.test.context.transaction.TransactionalTestExecutionListener, org.springframework.test.context.jdbc.SqlScriptsTestExecutionListener, org.springframework.test.context.event.EventPublishingTestExecutionListener]
2021-04-12 08:20:36.209  INFO 14136 --- [main] .b.t.c.SpringBootTestContextBootstrapper : Using TestExecutionListeners: [org.springframework.test.context.web.ServletTestExecutionListener@6c68f29c, org.springframework.test.context.support.DirtiesContextBeforeModesTestExecutionListener@3b3b2290, org.springframework.test.context.event.ApplicationEventsTestExecutionListener@47d7e4b6, org.springframework.boot.test.mock.mockito.MockitoTestExecutionListener@623ed5ed, org.springframework.boot.test.autoconfigure.SpringBootDependencyInjectionTestExecutionListener@49e92724, org.springframework.test.context.support.DirtiesContextTestExecutionListener@2ba4b32b, org.springframework.test.context.event.EventPublishingTestExecutionListener@532e00bd, org.springframework.boot.test.mock.mockito.ResetMocksTestExecutionListener@47ab3688, org.springframework.boot.test.autoconfigure.restdocs.RestDocsTestExecutionListener@47fbf95e, org.springframework.boot.test.autoconfigure.web.client.MockRestServiceServerResetTestExecutionListener@49482761, org.springframework.boot.test.autoconfigure.web.servlet.MockMvcPrintOnlyOnFailureTestExecutionListener@6ac0fd1d, org.springframework.boot.test.autoconfigure.web.servlet.WebDriverTestExecutionListener@744199bb, org.springframework.boot.test.autoconfigure.webservices.client.MockWebServiceServerTestExecutionListener@6ce8bf64]
2021-04-12 08:20:36.264  INFO 14136 --- [SpringContextShutdownHook] o.s.s.concurrent.ThreadPoolTaskExecutor  : Shutting down ExecutorService 'webCrawlerTaskExecutor'
2021-04-12 08:20:36.265  INFO 14136 --- [SpringContextShutdownHook] o.s.s.concurrent.ThreadPoolTaskExecutor  : Shutting down ExecutorService 'webCrawlerTaskExecutor'
2021-04-12 12:05:22.667  INFO 11488 --- [main] c.d.w.service.CrawlerServiceUtilTest     : Starting CrawlerServiceUtilTest using Java 15.0.2 on DESKTOP-1UO7TTD with PID 11488 (started by Dagim in C:\Users\Dagim\Downloads\webCrawler)
2021-04-12 12:05:22.671  INFO 11488 --- [main] c.d.w.service.CrawlerServiceUtilTest     : No active profile set, falling back to default profiles: default
2021-04-12 12:05:25.462  INFO 11488 --- [main] o.s.b.a.e.web.EndpointLinksResolver      : Exposing 2 endpoint(s) beneath base path '/actuator'
2021-04-12 12:05:25.687  INFO 11488 --- [main] o.s.s.concurrent.ThreadPoolTaskExecutor  : Initializing ExecutorService
2021-04-12 12:05:25.706  INFO 11488 --- [main] o.s.s.concurrent.ThreadPoolTaskExecutor  : Initializing ExecutorService 'webCrawlerTaskExecutor'
2021-04-12 12:05:26.861  INFO 11488 --- [main] c.d.w.service.CrawlerServiceUtilTest     : Started CrawlerServiceUtilTest in 4.591 seconds (JVM running for 6.11)
2021-04-12 12:05:28.553  INFO 11488 --- [main] .b.t.c.SpringBootTestContextBootstrapper : Neither @ContextConfiguration nor @ContextHierarchy found for test class [com.dagim.webCrawler.WebCrawlerApplicationTests], using SpringBootContextLoader
2021-04-12 12:05:28.555  INFO 11488 --- [main] o.s.t.c.support.AbstractContextLoader    : Could not detect default resource locations for test class [com.dagim.webCrawler.WebCrawlerApplicationTests]: no resource found for suffixes {-context.xml, Context.groovy}.
2021-04-12 12:05:28.555  INFO 11488 --- [main] t.c.s.AnnotationConfigContextLoaderUtils : Could not detect default configuration classes for test class [com.dagim.webCrawler.WebCrawlerApplicationTests]: WebCrawlerApplicationTests does not declare any static, non-private, non-final, nested classes annotated with @Configuration.
2021-04-12 12:05:28.562  INFO 11488 --- [main] .b.t.c.SpringBootTestContextBootstrapper : Found @SpringBootConfiguration com.dagim.webCrawler.WebCrawlerApplication for test class com.dagim.webCrawler.WebCrawlerApplicationTests
2021-04-12 12:05:28.566  INFO 11488 --- [main] .b.t.c.SpringBootTestContextBootstrapper : Loaded default TestExecutionListener class names from location [META-INF/spring.factories]: [org.springframework.boot.test.mock.mockito.MockitoTestExecutionListener, org.springframework.boot.test.mock.mockito.ResetMocksTestExecutionListener, org.springframework.boot.test.autoconfigure.restdocs.RestDocsTestExecutionListener, org.springframework.boot.test.autoconfigure.web.client.MockRestServiceServerResetTestExecutionListener, org.springframework.boot.test.autoconfigure.web.servlet.MockMvcPrintOnlyOnFailureTestExecutionListener, org.springframework.boot.test.autoconfigure.web.servlet.WebDriverTestExecutionListener, org.springframework.boot.test.autoconfigure.webservices.client.MockWebServiceServerTestExecutionListener, org.springframework.test.context.web.ServletTestExecutionListener, org.springframework.test.context.support.DirtiesContextBeforeModesTestExecutionListener, org.springframework.test.context.event.ApplicationEventsTestExecutionListener, org.springframework.test.context.support.DependencyInjectionTestExecutionListener, org.springframework.test.context.support.DirtiesContextTestExecutionListener, org.springframework.test.context.transaction.TransactionalTestExecutionListener, org.springframework.test.context.jdbc.SqlScriptsTestExecutionListener, org.springframework.test.context.event.EventPublishingTestExecutionListener]
2021-04-12 12:05:28.567  INFO 11488 --- [main] .b.t.c.SpringBootTestContextBootstrapper : Using TestExecutionListeners: [org.springframework.test.context.web.ServletTestExecutionListener@126d8659, org.springframework.test.context.support.DirtiesContextBeforeModesTestExecutionListener@28654aff, org.springframework.test.context.event.ApplicationEventsTestExecutionListener@5dfec221, org.springframework.boot.test.mock.mockito.MockitoTestExecutionListener@5e9cb95, org.springframework.boot.test.autoconfigure.SpringBootDependencyInjectionTestExecutionListener@7bc8da3f, org.springframework.test.context.support.DirtiesContextTestExecutionListener@7978550b, org.springframework.test.context.event.EventPublishingTestExecutionListener@52bc6fcf, org.springframework.boot.test.mock.mockito.ResetMocksTestExecutionListener@1942a36e, org.springframework.boot.test.autoconfigure.restdocs.RestDocsTestExecutionListener@24668b5b, org.springframework.boot.test.autoconfigure.web.client.MockRestServiceServerResetTestExecutionListener@1f8d42d1, org.springframework.boot.test.autoconfigure.web.servlet.MockMvcPrintOnlyOnFailureTestExecutionListener@2e7e84f8, org.springframework.boot.test.autoconfigure.web.servlet.WebDriverTestExecutionListener@22ab1b8a, org.springframework.boot.test.autoconfigure.webservices.client.MockWebServiceServerTestExecutionListener@320770d7]
2021-04-12 12:05:28.581  INFO 11488 --- [main] .b.t.a.w.s.WebMvcTestContextBootstrapper : Neither @ContextConfiguration nor @ContextHierarchy found for test class [com.dagim.webCrawler.api.WebCrawlerApiTest], using SpringBootContextLoader
2021-04-12 12:05:28.582  INFO 11488 --- [main] o.s.t.c.support.AbstractContextLoader    : Could not detect default resource locations for test class [com.dagim.webCrawler.api.WebCrawlerApiTest]: no resource found for suffixes {-context.xml, Context.groovy}.
2021-04-12 12:05:28.583  INFO 11488 --- [main] t.c.s.AnnotationConfigContextLoaderUtils : Could not detect default configuration classes for test class [com.dagim.webCrawler.api.WebCrawlerApiTest]: WebCrawlerApiTest does not declare any static, non-private, non-final, nested classes annotated with @Configuration.
2021-04-12 12:05:28.605  INFO 11488 --- [main] .b.t.c.SpringBootTestContextBootstrapper : Found @SpringBootConfiguration com.dagim.webCrawler.WebCrawlerApplication for test class com.dagim.webCrawler.api.WebCrawlerApiTest
2021-04-12 12:05:28.606  INFO 11488 --- [main] .b.t.a.w.s.WebMvcTestContextBootstrapper : Loaded default TestExecutionListener class names from location [META-INF/spring.factories]: [org.springframework.boot.test.mock.mockito.MockitoTestExecutionListener, org.springframework.boot.test.mock.mockito.ResetMocksTestExecutionListener, org.springframework.boot.test.autoconfigure.restdocs.RestDocsTestExecutionListener, org.springframework.boot.test.autoconfigure.web.client.MockRestServiceServerResetTestExecutionListener, org.springframework.boot.test.autoconfigure.web.servlet.MockMvcPrintOnlyOnFailureTestExecutionListener, org.springframework.boot.test.autoconfigure.web.servlet.WebDriverTestExecutionListener, org.springframework.boot.test.autoconfigure.webservices.client.MockWebServiceServerTestExecutionListener, org.springframework.test.context.web.ServletTestExecutionListener, org.springframework.test.context.support.DirtiesContextBeforeModesTestExecutionListener, org.springframework.test.context.event.ApplicationEventsTestExecutionListener, org.springframework.test.context.support.DependencyInjectionTestExecutionListener, org.springframework.test.context.support.DirtiesContextTestExecutionListener, org.springframework.test.context.transaction.TransactionalTestExecutionListener, org.springframework.test.context.jdbc.SqlScriptsTestExecutionListener, org.springframework.test.context.event.EventPublishingTestExecutionListener]
2021-04-12 12:05:28.608  INFO 11488 --- [main] .b.t.a.w.s.WebMvcTestContextBootstrapper : Using TestExecutionListeners: [org.springframework.test.context.web.ServletTestExecutionListener@1d0f7bcf, org.springframework.test.context.support.DirtiesContextBeforeModesTestExecutionListener@d0e4972, org.springframework.test.context.event.ApplicationEventsTestExecutionListener@1978b0d5, org.springframework.boot.test.mock.mockito.MockitoTestExecutionListener@6556471b, org.springframework.boot.test.autoconfigure.SpringBootDependencyInjectionTestExecutionListener@3e1897d, org.springframework.test.context.support.DirtiesContextTestExecutionListener@7cdb05aa, org.springframework.test.context.event.EventPublishingTestExecutionListener@2079fcfc, org.springframework.boot.test.mock.mockito.ResetMocksTestExecutionListener@77401977, org.springframework.boot.test.autoconfigure.restdocs.RestDocsTestExecutionListener@7865cc83, org.springframework.boot.test.autoconfigure.web.client.MockRestServiceServerResetTestExecutionListener@5cb76070, org.springframework.boot.test.autoconfigure.web.servlet.MockMvcPrintOnlyOnFailureTestExecutionListener@3346e906, org.springframework.boot.test.autoconfigure.web.servlet.WebDriverTestExecutionListener@443ac5b8, org.springframework.boot.test.autoconfigure.webservices.client.MockWebServiceServerTestExecutionListener@126d0868]
2021-04-12 12:05:28.650  INFO 11488 --- [main] c.d.webCrawler.api.WebCrawlerApiTest     : Starting WebCrawlerApiTest using Java 15.0.2 on DESKTOP-1UO7TTD with PID 11488 (started by Dagim in C:\Users\Dagim\Downloads\webCrawler)
2021-04-12 12:05:28.652  INFO 11488 --- [main] c.d.webCrawler.api.WebCrawlerApiTest     : No active profile set, falling back to default profiles: default
2021-04-12 12:05:29.583  INFO 11488 --- [main] o.s.s.concurrent.ThreadPoolTaskExecutor  : Initializing ExecutorService
2021-04-12 12:05:29.590  INFO 11488 --- [main] o.s.s.concurrent.ThreadPoolTaskExecutor  : Initializing ExecutorService 'webCrawlerTaskExecutor'
2021-04-12 12:05:29.868  INFO 11488 --- [main] o.s.b.t.m.w.SpringBootMockServletContext : Initializing Spring TestDispatcherServlet ''
2021-04-12 12:05:29.868  INFO 11488 --- [main] o.s.t.web.servlet.TestDispatcherServlet  : Initializing Servlet ''
2021-04-12 12:05:29.870  INFO 11488 --- [main] o.s.t.web.servlet.TestDispatcherServlet  : Completed initialization in 1 ms
2021-04-12 12:05:29.962  INFO 11488 --- [main] c.d.webCrawler.api.WebCrawlerApiTest     : Started WebCrawlerApiTest in 1.35 seconds (JVM running for 9.211)
2021-04-12 12:05:30.087  INFO 11488 --- [SpringContextShutdownHook] o.s.s.concurrent.ThreadPoolTaskExecutor  : Shutting down ExecutorService 'webCrawlerTaskExecutor'
2021-04-12 12:05:30.088  INFO 11488 --- [SpringContextShutdownHook] o.s.s.concurrent.ThreadPoolTaskExecutor  : Shutting down ExecutorService 'webCrawlerTaskExecutor'
2021-04-12 12:08:17.285  INFO 1744 --- [restartedMain] c.d.webCrawler.WebCrawlerApplication     : Starting WebCrawlerApplication using Java 15.0.2 on DESKTOP-1UO7TTD with PID 1744 (C:\Users\Dagim\Downloads\webCrawler\target\classes started by Dagim in C:\Users\Dagim\Downloads\webCrawler)
2021-04-12 12:08:17.287  INFO 1744 --- [restartedMain] c.d.webCrawler.WebCrawlerApplication     : No active profile set, falling back to default profiles: default
2021-04-12 12:08:17.327  INFO 1744 --- [restartedMain] .e.DevToolsPropertyDefaultsPostProcessor : Devtools property defaults active! Set 'spring.devtools.add-properties' to 'false' to disable
2021-04-12 12:08:17.327  INFO 1744 --- [restartedMain] .e.DevToolsPropertyDefaultsPostProcessor : For additional web related logging consider setting the 'logging.level.web' property to 'DEBUG'
2021-04-12 12:08:18.541  INFO 1744 --- [restartedMain] o.s.b.w.embedded.tomcat.TomcatWebServer  : Tomcat initialized with port(s): 5000 (http)
2021-04-12 12:08:18.550  INFO 1744 --- [restartedMain] o.apache.catalina.core.StandardService   : Starting service [Tomcat]
2021-04-12 12:08:18.550  INFO 1744 --- [restartedMain] org.apache.catalina.core.StandardEngine  : Starting Servlet engine: [Apache Tomcat/9.0.44]
2021-04-12 12:08:18.625  INFO 1744 --- [restartedMain] o.a.c.c.C.[Tomcat].[localhost].[/]       : Initializing Spring embedded WebApplicationContext
2021-04-12 12:08:18.625  INFO 1744 --- [restartedMain] w.s.c.ServletWebServerApplicationContext : Root WebApplicationContext: initialization completed in 1297 ms
2021-04-12 12:08:19.120  INFO 1744 --- [restartedMain] o.s.b.a.e.web.EndpointLinksResolver      : Exposing 2 endpoint(s) beneath base path '/actuator'
2021-04-12 12:08:19.163  INFO 1744 --- [restartedMain] o.s.s.concurrent.ThreadPoolTaskExecutor  : Initializing ExecutorService
2021-04-12 12:08:19.164  INFO 1744 --- [restartedMain] o.s.s.concurrent.ThreadPoolTaskExecutor  : Initializing ExecutorService 'webCrawlerTaskExecutor'
2021-04-12 12:08:19.234  INFO 1744 --- [restartedMain] o.s.b.d.a.OptionalLiveReloadServer       : LiveReload server is running on port 35729
2021-04-12 12:08:19.429  INFO 1744 --- [restartedMain] o.s.b.w.embedded.tomcat.TomcatWebServer  : Tomcat started on port(s): 5000 (http) with context path ''
2021-04-12 12:08:19.646  INFO 1744 --- [restartedMain] c.d.webCrawler.WebCrawlerApplication     : Started WebCrawlerApplication in 2.671 seconds (JVM running for 3.384)
2021-04-12 12:08:20.288  INFO 1744 --- [RMI TCP Connection(3)-127.0.0.1] o.a.c.c.C.[Tomcat].[localhost].[/]       : Initializing Spring DispatcherServlet 'dispatcherServlet'
2021-04-12 12:08:20.288  INFO 1744 --- [RMI TCP Connection(3)-127.0.0.1] o.s.web.servlet.DispatcherServlet        : Initializing Servlet 'dispatcherServlet'
2021-04-12 12:08:20.289  INFO 1744 --- [RMI TCP Connection(3)-127.0.0.1] o.s.web.servlet.DispatcherServlet        : Completed initialization in 1 ms
2021-04-12 12:11:51.777  INFO 1744 --- [RMI TCP Connection(8)-127.0.0.1] inMXBeanRegistrar$SpringApplicationAdmin : Application shutdown requested.
2021-04-12 12:11:51.809  INFO 1744 --- [RMI TCP Connection(8)-127.0.0.1] o.s.s.concurrent.ThreadPoolTaskExecutor  : Shutting down ExecutorService 'webCrawlerTaskExecutor'
2021-04-12 12:12:23.399  INFO 11580 --- [main] c.d.webCrawler.api.WebCrawlerApiTest     : Starting WebCrawlerApiTest using Java 1.8.0_251 on DESKTOP-1UO7TTD with PID 11580 (started by Dagim in C:\Users\Dagim\Downloads\webCrawler)
2021-04-12 12:12:23.404  INFO 11580 --- [main] c.d.webCrawler.api.WebCrawlerApiTest     : No active profile set, falling back to default profiles: default
2021-04-12 12:12:25.645  INFO 11580 --- [main] o.s.s.concurrent.ThreadPoolTaskExecutor  : Initializing ExecutorService
2021-04-12 12:12:25.659  INFO 11580 --- [main] o.s.s.concurrent.ThreadPoolTaskExecutor  : Initializing ExecutorService 'webCrawlerTaskExecutor'
2021-04-12 12:12:26.136  INFO 11580 --- [main] o.s.b.t.m.w.SpringBootMockServletContext : Initializing Spring TestDispatcherServlet ''
2021-04-12 12:12:26.136  INFO 11580 --- [main] o.s.t.web.servlet.TestDispatcherServlet  : Initializing Servlet ''
2021-04-12 12:12:26.138  INFO 11580 --- [main] o.s.t.web.servlet.TestDispatcherServlet  : Completed initialization in 2 ms
2021-04-12 12:12:26.468  INFO 11580 --- [main] c.d.webCrawler.api.WebCrawlerApiTest     : Started WebCrawlerApiTest in 3.534 seconds (JVM running for 4.634)
2021-04-12 12:12:26.655  INFO 11580 --- [main] .b.t.c.SpringBootTestContextBootstrapper : Neither @ContextConfiguration nor @ContextHierarchy found for test class [com.dagim.webCrawler.service.CrawlerServiceUtilTest], using SpringBootContextLoader
2021-04-12 12:12:26.657  INFO 11580 --- [main] o.s.t.c.support.AbstractContextLoader    : Could not detect default resource locations for test class [com.dagim.webCrawler.service.CrawlerServiceUtilTest]: no resource found for suffixes {-context.xml, Context.groovy}.
2021-04-12 12:12:26.657  INFO 11580 --- [main] t.c.s.AnnotationConfigContextLoaderUtils : Could not detect default configuration classes for test class [com.dagim.webCrawler.service.CrawlerServiceUtilTest]: CrawlerServiceUtilTest does not declare any static, non-private, non-final, nested classes annotated with @Configuration.
2021-04-12 12:12:26.668  INFO 11580 --- [main] .b.t.c.SpringBootTestContextBootstrapper : Found @SpringBootConfiguration com.dagim.webCrawler.WebCrawlerApplication for test class com.dagim.webCrawler.service.CrawlerServiceUtilTest
2021-04-12 12:12:26.689  INFO 11580 --- [main] .b.t.c.SpringBootTestContextBootstrapper : Loaded default TestExecutionListener class names from location [META-INF/spring.factories]: [org.springframework.boot.test.mock.mockito.MockitoTestExecutionListener, org.springframework.boot.test.mock.mockito.ResetMocksTestExecutionListener, org.springframework.boot.test.autoconfigure.restdocs.RestDocsTestExecutionListener, org.springframework.boot.test.autoconfigure.web.client.MockRestServiceServerResetTestExecutionListener, org.springframework.boot.test.autoconfigure.web.servlet.MockMvcPrintOnlyOnFailureTestExecutionListener, org.springframework.boot.test.autoconfigure.web.servlet.WebDriverTestExecutionListener, org.springframework.boot.test.autoconfigure.webservices.client.MockWebServiceServerTestExecutionListener, org.springframework.test.context.web.ServletTestExecutionListener, org.springframework.test.context.support.DirtiesContextBeforeModesTestExecutionListener, org.springframework.test.context.event.ApplicationEventsTestExecutionListener, org.springframework.test.context.support.DependencyInjectionTestExecutionListener, org.springframework.test.context.support.DirtiesContextTestExecutionListener, org.springframework.test.context.transaction.TransactionalTestExecutionListener, org.springframework.test.context.jdbc.SqlScriptsTestExecutionListener, org.springframework.test.context.event.EventPublishingTestExecutionListener]
2021-04-12 12:12:26.693  INFO 11580 --- [main] .b.t.c.SpringBootTestContextBootstrapper : Using TestExecutionListeners: [org.springframework.test.context.web.ServletTestExecutionListener@7f97bc14, org.springframework.test.context.support.DirtiesContextBeforeModesTestExecutionListener@22d8f4ed, org.springframework.test.context.event.ApplicationEventsTestExecutionListener@3434a4f0, org.springframework.boot.test.mock.mockito.MockitoTestExecutionListener@79afa369, org.springframework.boot.test.autoconfigure.SpringBootDependencyInjectionTestExecutionListener@3b9ac754, org.springframework.test.context.support.DirtiesContextTestExecutionListener@5e002356, org.springframework.test.context.event.EventPublishingTestExecutionListener@4f820f42, org.springframework.boot.test.mock.mockito.ResetMocksTestExecutionListener@4b325930, org.springframework.boot.test.autoconfigure.restdocs.RestDocsTestExecutionListener@267f9765, org.springframework.boot.test.autoconfigure.web.client.MockRestServiceServerResetTestExecutionListener@79ba0a6f, org.springframework.boot.test.autoconfigure.web.servlet.MockMvcPrintOnlyOnFailureTestExecutionListener@261de205, org.springframework.boot.test.autoconfigure.web.servlet.WebDriverTestExecutionListener@7f3fc42f, org.springframework.boot.test.autoconfigure.webservices.client.MockWebServiceServerTestExecutionListener@25a1a012]
2021-04-12 12:12:26.751  INFO 11580 --- [main] c.d.w.service.CrawlerServiceUtilTest     : Starting CrawlerServiceUtilTest using Java 1.8.0_251 on DESKTOP-1UO7TTD with PID 11580 (started by Dagim in C:\Users\Dagim\Downloads\webCrawler)
2021-04-12 12:12:26.753  INFO 11580 --- [main] c.d.w.service.CrawlerServiceUtilTest     : No active profile set, falling back to default profiles: default
2021-04-12 12:12:28.443  INFO 11580 --- [main] o.s.b.a.e.web.EndpointLinksResolver      : Exposing 2 endpoint(s) beneath base path '/actuator'
2021-04-12 12:12:28.562  INFO 11580 --- [main] o.s.s.concurrent.ThreadPoolTaskExecutor  : Initializing ExecutorService
2021-04-12 12:12:28.572  INFO 11580 --- [main] o.s.s.concurrent.ThreadPoolTaskExecutor  : Initializing ExecutorService 'webCrawlerTaskExecutor'
2021-04-12 12:12:29.200  INFO 11580 --- [main] c.d.w.service.CrawlerServiceUtilTest     : Started CrawlerServiceUtilTest in 2.5 seconds (JVM running for 7.366)
2021-04-12 12:12:30.817  INFO 11580 --- [main] .b.t.c.SpringBootTestContextBootstrapper : Neither @ContextConfiguration nor @ContextHierarchy found for test class [com.dagim.webCrawler.WebCrawlerApplicationTests], using SpringBootContextLoader
2021-04-12 12:12:30.819  INFO 11580 --- [main] o.s.t.c.support.AbstractContextLoader    : Could not detect default resource locations for test class [com.dagim.webCrawler.WebCrawlerApplicationTests]: no resource found for suffixes {-context.xml, Context.groovy}.
2021-04-12 12:12:30.820  INFO 11580 --- [main] t.c.s.AnnotationConfigContextLoaderUtils : Could not detect default configuration classes for test class [com.dagim.webCrawler.WebCrawlerApplicationTests]: WebCrawlerApplicationTests does not declare any static, non-private, non-final, nested classes annotated with @Configuration.
2021-04-12 12:12:30.828  INFO 11580 --- [main] .b.t.c.SpringBootTestContextBootstrapper : Found @SpringBootConfiguration com.dagim.webCrawler.WebCrawlerApplication for test class com.dagim.webCrawler.WebCrawlerApplicationTests
2021-04-12 12:12:30.834  INFO 11580 --- [main] .b.t.c.SpringBootTestContextBootstrapper : Loaded default TestExecutionListener class names from location [META-INF/spring.factories]: [org.springframework.boot.test.mock.mockito.MockitoTestExecutionListener, org.springframework.boot.test.mock.mockito.ResetMocksTestExecutionListener, org.springframework.boot.test.autoconfigure.restdocs.RestDocsTestExecutionListener, org.springframework.boot.test.autoconfigure.web.client.MockRestServiceServerResetTestExecutionListener, org.springframework.boot.test.autoconfigure.web.servlet.MockMvcPrintOnlyOnFailureTestExecutionListener, org.springframework.boot.test.autoconfigure.web.servlet.WebDriverTestExecutionListener, org.springframework.boot.test.autoconfigure.webservices.client.MockWebServiceServerTestExecutionListener, org.springframework.test.context.web.ServletTestExecutionListener, org.springframework.test.context.support.DirtiesContextBeforeModesTestExecutionListener, org.springframework.test.context.event.ApplicationEventsTestExecutionListener, org.springframework.test.context.support.DependencyInjectionTestExecutionListener, org.springframework.test.context.support.DirtiesContextTestExecutionListener, org.springframework.test.context.transaction.TransactionalTestExecutionListener, org.springframework.test.context.jdbc.SqlScriptsTestExecutionListener, org.springframework.test.context.event.EventPublishingTestExecutionListener]
2021-04-12 12:12:30.836  INFO 11580 --- [main] .b.t.c.SpringBootTestContextBootstrapper : Using TestExecutionListeners: [org.springframework.test.context.web.ServletTestExecutionListener@67c0c90b, org.springframework.test.context.support.DirtiesContextBeforeModesTestExecutionListener@8549c5f, org.springframework.test.context.event.ApplicationEventsTestExecutionListener@35454c7a, org.springframework.boot.test.mock.mockito.MockitoTestExecutionListener@50f3ba6a, org.springframework.boot.test.autoconfigure.SpringBootDependencyInjectionTestExecutionListener@319aa9ee, org.springframework.test.context.support.DirtiesContextTestExecutionListener@1d806de6, org.springframework.test.context.event.EventPublishingTestExecutionListener@2b9d4b0, org.springframework.boot.test.mock.mockito.ResetMocksTestExecutionListener@4f541e67, org.springframework.boot.test.autoconfigure.restdocs.RestDocsTestExecutionListener@2be50bba, org.springframework.boot.test.autoconfigure.web.client.MockRestServiceServerResetTestExecutionListener@3514ac7d, org.springframework.boot.test.autoconfigure.web.servlet.MockMvcPrintOnlyOnFailureTestExecutionListener@79c4f23b, org.springframework.boot.test.autoconfigure.web.servlet.WebDriverTestExecutionListener@160c7c42, org.springframework.boot.test.autoconfigure.webservices.client.MockWebServiceServerTestExecutionListener@15371de2]
2021-04-12 12:12:30.892  INFO 11580 --- [SpringContextShutdownHook] o.s.s.concurrent.ThreadPoolTaskExecutor  : Shutting down ExecutorService 'webCrawlerTaskExecutor'
2021-04-12 12:12:30.896  INFO 11580 --- [SpringContextShutdownHook] o.s.s.concurrent.ThreadPoolTaskExecutor  : Shutting down ExecutorService 'webCrawlerTaskExecutor'
2021-04-12 12:28:09.646  INFO 14872 --- [restartedMain] c.d.webCrawler.WebCrawlerApplication     : Starting WebCrawlerApplication using Java 15.0.2 on DESKTOP-1UO7TTD with PID 14872 (C:\Users\Dagim\Downloads\webCrawler\target\classes started by Dagim in C:\Users\Dagim\Downloads\webCrawler)
2021-04-12 12:28:09.648  INFO 14872 --- [restartedMain] c.d.webCrawler.WebCrawlerApplication     : No active profile set, falling back to default profiles: default
2021-04-12 12:28:09.689  INFO 14872 --- [restartedMain] .e.DevToolsPropertyDefaultsPostProcessor : Devtools property defaults active! Set 'spring.devtools.add-properties' to 'false' to disable
2021-04-12 12:28:09.689  INFO 14872 --- [restartedMain] .e.DevToolsPropertyDefaultsPostProcessor : For additional web related logging consider setting the 'logging.level.web' property to 'DEBUG'
2021-04-12 12:28:10.847  INFO 14872 --- [restartedMain] o.s.b.w.embedded.tomcat.TomcatWebServer  : Tomcat initialized with port(s): 5000 (http)
2021-04-12 12:28:10.855  INFO 14872 --- [restartedMain] o.apache.catalina.core.StandardService   : Starting service [Tomcat]
2021-04-12 12:28:10.855  INFO 14872 --- [restartedMain] org.apache.catalina.core.StandardEngine  : Starting Servlet engine: [Apache Tomcat/9.0.44]
2021-04-12 12:28:10.925  INFO 14872 --- [restartedMain] o.a.c.c.C.[Tomcat].[localhost].[/]       : Initializing Spring embedded WebApplicationContext
2021-04-12 12:28:10.925  INFO 14872 --- [restartedMain] w.s.c.ServletWebServerApplicationContext : Root WebApplicationContext: initialization completed in 1235 ms
2021-04-12 12:28:11.407  INFO 14872 --- [restartedMain] o.s.b.a.e.web.EndpointLinksResolver      : Exposing 2 endpoint(s) beneath base path '/actuator'
2021-04-12 12:28:11.450  INFO 14872 --- [restartedMain] o.s.s.concurrent.ThreadPoolTaskExecutor  : Initializing ExecutorService
2021-04-12 12:28:11.451  INFO 14872 --- [restartedMain] o.s.s.concurrent.ThreadPoolTaskExecutor  : Initializing ExecutorService 'webCrawlerTaskExecutor'
2021-04-12 12:28:11.523  INFO 14872 --- [restartedMain] o.s.b.d.a.OptionalLiveReloadServer       : LiveReload server is running on port 35729
2021-04-12 12:28:11.688  INFO 14872 --- [restartedMain] o.s.b.w.embedded.tomcat.TomcatWebServer  : Tomcat started on port(s): 5000 (http) with context path ''
2021-04-12 12:28:11.900  INFO 14872 --- [restartedMain] c.d.webCrawler.WebCrawlerApplication     : Started WebCrawlerApplication in 2.6 seconds (JVM running for 3.281)
2021-04-12 12:28:13.124  INFO 14872 --- [RMI TCP Connection(3)-127.0.0.1] o.a.c.c.C.[Tomcat].[localhost].[/]       : Initializing Spring DispatcherServlet 'dispatcherServlet'
2021-04-12 12:28:13.124  INFO 14872 --- [RMI TCP Connection(3)-127.0.0.1] o.s.web.servlet.DispatcherServlet        : Initializing Servlet 'dispatcherServlet'
2021-04-12 12:28:13.125  INFO 14872 --- [RMI TCP Connection(3)-127.0.0.1] o.s.web.servlet.DispatcherServlet        : Completed initialization in 1 ms
2021-04-12 13:12:14.660  INFO 14872 --- [RMI TCP Connection(47)-127.0.0.1] inMXBeanRegistrar$SpringApplicationAdmin : Application shutdown requested.
2021-04-12 13:12:14.722  INFO 14872 --- [RMI TCP Connection(47)-127.0.0.1] o.s.s.concurrent.ThreadPoolTaskExecutor  : Shutting down ExecutorService 'webCrawlerTaskExecutor'
2021-04-12 13:12:47.673  INFO 14344 --- [main] c.d.webCrawler.api.WebCrawlerApiTest     : Starting WebCrawlerApiTest using Java 15.0.2 on DESKTOP-1UO7TTD with PID 14344 (started by Dagim in C:\Users\Dagim\Downloads\webCrawler)
2021-04-12 13:12:47.678  INFO 14344 --- [main] c.d.webCrawler.api.WebCrawlerApiTest     : No active profile set, falling back to default profiles: default
2021-04-12 13:12:51.158  INFO 14344 --- [main] o.s.s.concurrent.ThreadPoolTaskExecutor  : Initializing ExecutorService
2021-04-12 13:12:51.178  INFO 14344 --- [main] o.s.s.concurrent.ThreadPoolTaskExecutor  : Initializing ExecutorService 'webCrawlerTaskExecutor'
2021-04-12 13:12:51.854  INFO 14344 --- [main] o.s.b.t.m.w.SpringBootMockServletContext : Initializing Spring TestDispatcherServlet ''
2021-04-12 13:12:51.855  INFO 14344 --- [main] o.s.t.web.servlet.TestDispatcherServlet  : Initializing Servlet ''
2021-04-12 13:12:51.858  INFO 14344 --- [main] o.s.t.web.servlet.TestDispatcherServlet  : Completed initialization in 3 ms
2021-04-12 13:12:52.378  INFO 14344 --- [main] c.d.webCrawler.api.WebCrawlerApiTest     : Started WebCrawlerApiTest in 5.41 seconds (JVM running for 7.084)
2021-04-12 13:12:52.693  INFO 14344 --- [main] .b.t.c.SpringBootTestContextBootstrapper : Neither @ContextConfiguration nor @ContextHierarchy found for test class [com.dagim.webCrawler.service.CrawlerServiceUtilTest], using SpringBootContextLoader
2021-04-12 13:12:52.695  INFO 14344 --- [main] o.s.t.c.support.AbstractContextLoader    : Could not detect default resource locations for test class [com.dagim.webCrawler.service.CrawlerServiceUtilTest]: no resource found for suffixes {-context.xml, Context.groovy}.
2021-04-12 13:12:52.695  INFO 14344 --- [main] t.c.s.AnnotationConfigContextLoaderUtils : Could not detect default configuration classes for test class [com.dagim.webCrawler.service.CrawlerServiceUtilTest]: CrawlerServiceUtilTest does not declare any static, non-private, non-final, nested classes annotated with @Configuration.
2021-04-12 13:12:52.711  INFO 14344 --- [main] .b.t.c.SpringBootTestContextBootstrapper : Found @SpringBootConfiguration com.dagim.webCrawler.WebCrawlerApplication for test class com.dagim.webCrawler.service.CrawlerServiceUtilTest
2021-04-12 13:12:52.722  INFO 14344 --- [main] .b.t.c.SpringBootTestContextBootstrapper : Loaded default TestExecutionListener class names from location [META-INF/spring.factories]: [org.springframework.boot.test.mock.mockito.MockitoTestExecutionListener, org.springframework.boot.test.mock.mockito.ResetMocksTestExecutionListener, org.springframework.boot.test.autoconfigure.restdocs.RestDocsTestExecutionListener, org.springframework.boot.test.autoconfigure.web.client.MockRestServiceServerResetTestExecutionListener, org.springframework.boot.test.autoconfigure.web.servlet.MockMvcPrintOnlyOnFailureTestExecutionListener, org.springframework.boot.test.autoconfigure.web.servlet.WebDriverTestExecutionListener, org.springframework.boot.test.autoconfigure.webservices.client.MockWebServiceServerTestExecutionListener, org.springframework.test.context.web.ServletTestExecutionListener, org.springframework.test.context.support.DirtiesContextBeforeModesTestExecutionListener, org.springframework.test.context.event.ApplicationEventsTestExecutionListener, org.springframework.test.context.support.DependencyInjectionTestExecutionListener, org.springframework.test.context.support.DirtiesContextTestExecutionListener, org.springframework.test.context.transaction.TransactionalTestExecutionListener, org.springframework.test.context.jdbc.SqlScriptsTestExecutionListener, org.springframework.test.context.event.EventPublishingTestExecutionListener]
2021-04-12 13:12:52.724  INFO 14344 --- [main] .b.t.c.SpringBootTestContextBootstrapper : Using TestExecutionListeners: [org.springframework.test.context.web.ServletTestExecutionListener@174e1b99, org.springframework.test.context.support.DirtiesContextBeforeModesTestExecutionListener@53a09566, org.springframework.test.context.event.ApplicationEventsTestExecutionListener@1c815814, org.springframework.boot.test.mock.mockito.MockitoTestExecutionListener@14af73e1, org.springframework.boot.test.autoconfigure.SpringBootDependencyInjectionTestExecutionListener@73da303e, org.springframework.test.context.support.DirtiesContextTestExecutionListener@24068086, org.springframework.test.context.event.EventPublishingTestExecutionListener@32513dea, org.springframework.boot.test.mock.mockito.ResetMocksTestExecutionListener@5d0e703a, org.springframework.boot.test.autoconfigure.restdocs.RestDocsTestExecutionListener@7f77e065, org.springframework.boot.test.autoconfigure.web.client.MockRestServiceServerResetTestExecutionListener@6f655dbd, org.springframework.boot.test.autoconfigure.web.servlet.MockMvcPrintOnlyOnFailureTestExecutionListener@546083d6, org.springframework.boot.test.autoconfigure.web.servlet.WebDriverTestExecutionListener@7ac1b6c0, org.springframework.boot.test.autoconfigure.webservices.client.MockWebServiceServerTestExecutionListener@3a751535]
2021-04-12 13:12:52.797  INFO 14344 --- [main] c.d.w.service.CrawlerServiceUtilTest     : Starting CrawlerServiceUtilTest using Java 15.0.2 on DESKTOP-1UO7TTD with PID 14344 (started by Dagim in C:\Users\Dagim\Downloads\webCrawler)
2021-04-12 13:12:52.799  INFO 14344 --- [main] c.d.w.service.CrawlerServiceUtilTest     : No active profile set, falling back to default profiles: default
2021-04-12 13:12:54.965  INFO 14344 --- [main] o.s.b.a.e.web.EndpointLinksResolver      : Exposing 2 endpoint(s) beneath base path '/actuator'
2021-04-12 13:12:55.212  INFO 14344 --- [main] o.s.s.concurrent.ThreadPoolTaskExecutor  : Initializing ExecutorService
2021-04-12 13:12:55.234  INFO 14344 --- [main] o.s.s.concurrent.ThreadPoolTaskExecutor  : Initializing ExecutorService 'webCrawlerTaskExecutor'
2021-04-12 13:12:56.185  INFO 14344 --- [main] c.d.w.service.CrawlerServiceUtilTest     : Started CrawlerServiceUtilTest in 3.457 seconds (JVM running for 10.891)
2021-04-12 13:12:57.663  INFO 14344 --- [main] .b.t.c.SpringBootTestContextBootstrapper : Neither @ContextConfiguration nor @ContextHierarchy found for test class [com.dagim.webCrawler.WebCrawlerApplicationTests], using SpringBootContextLoader
2021-04-12 13:12:57.665  INFO 14344 --- [main] o.s.t.c.support.AbstractContextLoader    : Could not detect default resource locations for test class [com.dagim.webCrawler.WebCrawlerApplicationTests]: no resource found for suffixes {-context.xml, Context.groovy}.
2021-04-12 13:12:57.666  INFO 14344 --- [main] t.c.s.AnnotationConfigContextLoaderUtils : Could not detect default configuration classes for test class [com.dagim.webCrawler.WebCrawlerApplicationTests]: WebCrawlerApplicationTests does not declare any static, non-private, non-final, nested classes annotated with @Configuration.
2021-04-12 13:12:57.686  INFO 14344 --- [main] .b.t.c.SpringBootTestContextBootstrapper : Found @SpringBootConfiguration com.dagim.webCrawler.WebCrawlerApplication for test class com.dagim.webCrawler.WebCrawlerApplicationTests
2021-04-12 13:12:57.693  INFO 14344 --- [main] .b.t.c.SpringBootTestContextBootstrapper : Loaded default TestExecutionListener class names from location [META-INF/spring.factories]: [org.springframework.boot.test.mock.mockito.MockitoTestExecutionListener, org.springframework.boot.test.mock.mockito.ResetMocksTestExecutionListener, org.springframework.boot.test.autoconfigure.restdocs.RestDocsTestExecutionListener, org.springframework.boot.test.autoconfigure.web.client.MockRestServiceServerResetTestExecutionListener, org.springframework.boot.test.autoconfigure.web.servlet.MockMvcPrintOnlyOnFailureTestExecutionListener, org.springframework.boot.test.autoconfigure.web.servlet.WebDriverTestExecutionListener, org.springframework.boot.test.autoconfigure.webservices.client.MockWebServiceServerTestExecutionListener, org.springframework.test.context.web.ServletTestExecutionListener, org.springframework.test.context.support.DirtiesContextBeforeModesTestExecutionListener, org.springframework.test.context.event.ApplicationEventsTestExecutionListener, org.springframework.test.context.support.DependencyInjectionTestExecutionListener, org.springframework.test.context.support.DirtiesContextTestExecutionListener, org.springframework.test.context.transaction.TransactionalTestExecutionListener, org.springframework.test.context.jdbc.SqlScriptsTestExecutionListener, org.springframework.test.context.event.EventPublishingTestExecutionListener]
2021-04-12 13:12:57.696  INFO 14344 --- [main] .b.t.c.SpringBootTestContextBootstrapper : Using TestExecutionListeners: [org.springframework.test.context.web.ServletTestExecutionListener@4202bfe8, org.springframework.test.context.support.DirtiesContextBeforeModesTestExecutionListener@61627c9d, org.springframework.test.context.event.ApplicationEventsTestExecutionListener@53c21c05, org.springframework.boot.test.mock.mockito.MockitoTestExecutionListener@6f986031, org.springframework.boot.test.autoconfigure.SpringBootDependencyInjectionTestExecutionListener@38326fd5, org.springframework.test.context.support.DirtiesContextTestExecutionListener@4a467ada, org.springframework.test.context.event.EventPublishingTestExecutionListener@92775a3, org.springframework.boot.test.mock.mockito.ResetMocksTestExecutionListener@2512155e, org.springframework.boot.test.autoconfigure.restdocs.RestDocsTestExecutionListener@ef59aee, org.springframework.boot.test.autoconfigure.web.client.MockRestServiceServerResetTestExecutionListener@779cb140, org.springframework.boot.test.autoconfigure.web.servlet.MockMvcPrintOnlyOnFailureTestExecutionListener@45a4587d, org.springframework.boot.test.autoconfigure.web.servlet.WebDriverTestExecutionListener@70a91d72, org.springframework.boot.test.autoconfigure.webservices.client.MockWebServiceServerTestExecutionListener@52a9db63]
2021-04-12 13:12:57.750  INFO 14344 --- [SpringContextShutdownHook] o.s.s.concurrent.ThreadPoolTaskExecutor  : Shutting down ExecutorService 'webCrawlerTaskExecutor'
2021-04-12 13:12:57.753  INFO 14344 --- [SpringContextShutdownHook] o.s.s.concurrent.ThreadPoolTaskExecutor  : Shutting down ExecutorService 'webCrawlerTaskExecutor'
2021-04-12 13:13:31.541  INFO 1416 --- [restartedMain] c.d.webCrawler.WebCrawlerApplication     : Starting WebCrawlerApplication using Java 15.0.2 on DESKTOP-1UO7TTD with PID 1416 (C:\Users\Dagim\Downloads\webCrawler\target\classes started by Dagim in C:\Users\Dagim\Downloads\webCrawler)
2021-04-12 13:13:31.545  INFO 1416 --- [restartedMain] c.d.webCrawler.WebCrawlerApplication     : No active profile set, falling back to default profiles: default
2021-04-12 13:13:31.618  INFO 1416 --- [restartedMain] .e.DevToolsPropertyDefaultsPostProcessor : Devtools property defaults active! Set 'spring.devtools.add-properties' to 'false' to disable
2021-04-12 13:13:31.618  INFO 1416 --- [restartedMain] .e.DevToolsPropertyDefaultsPostProcessor : For additional web related logging consider setting the 'logging.level.web' property to 'DEBUG'
2021-04-12 13:13:33.435  INFO 1416 --- [restartedMain] o.s.b.w.embedded.tomcat.TomcatWebServer  : Tomcat initialized with port(s): 5000 (http)
2021-04-12 13:13:33.446  INFO 1416 --- [restartedMain] o.apache.catalina.core.StandardService   : Starting service [Tomcat]
2021-04-12 13:13:33.447  INFO 1416 --- [restartedMain] org.apache.catalina.core.StandardEngine  : Starting Servlet engine: [Apache Tomcat/9.0.44]
2021-04-12 13:13:33.566  INFO 1416 --- [restartedMain] o.a.c.c.C.[Tomcat].[localhost].[/]       : Initializing Spring embedded WebApplicationContext
2021-04-12 13:13:33.568  INFO 1416 --- [restartedMain] w.s.c.ServletWebServerApplicationContext : Root WebApplicationContext: initialization completed in 1949 ms
2021-04-12 13:13:34.328  INFO 1416 --- [restartedMain] o.s.b.a.e.web.EndpointLinksResolver      : Exposing 2 endpoint(s) beneath base path '/actuator'
2021-04-12 13:13:34.392  INFO 1416 --- [restartedMain] o.s.s.concurrent.ThreadPoolTaskExecutor  : Initializing ExecutorService
2021-04-12 13:13:34.394  INFO 1416 --- [restartedMain] o.s.s.concurrent.ThreadPoolTaskExecutor  : Initializing ExecutorService 'webCrawlerTaskExecutor'
2021-04-12 13:13:34.510  INFO 1416 --- [restartedMain] o.s.b.d.a.OptionalLiveReloadServer       : LiveReload server is running on port 35729
2021-04-12 13:13:34.788  INFO 1416 --- [restartedMain] o.s.b.w.embedded.tomcat.TomcatWebServer  : Tomcat started on port(s): 5000 (http) with context path ''
2021-04-12 13:13:35.132  INFO 1416 --- [restartedMain] c.d.webCrawler.WebCrawlerApplication     : Started WebCrawlerApplication in 4.107 seconds (JVM running for 5.291)
2021-04-12 13:13:37.383  INFO 1416 --- [RMI TCP Connection(3)-127.0.0.1] o.a.c.c.C.[Tomcat].[localhost].[/]       : Initializing Spring DispatcherServlet 'dispatcherServlet'
2021-04-12 13:13:37.383  INFO 1416 --- [RMI TCP Connection(3)-127.0.0.1] o.s.web.servlet.DispatcherServlet        : Initializing Servlet 'dispatcherServlet'
2021-04-12 13:13:37.385  INFO 1416 --- [RMI TCP Connection(3)-127.0.0.1] o.s.web.servlet.DispatcherServlet        : Completed initialization in 2 ms
2021-04-12 13:19:39.690  INFO 1416 --- [Thread-4] o.s.s.concurrent.ThreadPoolTaskExecutor  : Shutting down ExecutorService 'webCrawlerTaskExecutor'
2021-04-12 13:19:39.790  INFO 1416 --- [restartedMain] c.d.webCrawler.WebCrawlerApplication     : Starting WebCrawlerApplication using Java 15.0.2 on DESKTOP-1UO7TTD with PID 1416 (C:\Users\Dagim\Downloads\webCrawler\target\classes started by Dagim in C:\Users\Dagim\Downloads\webCrawler)
2021-04-12 13:19:39.790  INFO 1416 --- [restartedMain] c.d.webCrawler.WebCrawlerApplication     : No active profile set, falling back to default profiles: default
2021-04-12 13:19:40.372  INFO 1416 --- [restartedMain] o.s.b.w.embedded.tomcat.TomcatWebServer  : Tomcat initialized with port(s): 5000 (http)
2021-04-12 13:19:40.373  INFO 1416 --- [restartedMain] o.apache.catalina.core.StandardService   : Starting service [Tomcat]
2021-04-12 13:19:40.373  INFO 1416 --- [restartedMain] org.apache.catalina.core.StandardEngine  : Starting Servlet engine: [Apache Tomcat/9.0.44]
2021-04-12 13:19:40.397  INFO 1416 --- [restartedMain] o.a.c.c.C.[Tomcat].[localhost].[/]       : Initializing Spring embedded WebApplicationContext
2021-04-12 13:19:40.397  INFO 1416 --- [restartedMain] w.s.c.ServletWebServerApplicationContext : Root WebApplicationContext: initialization completed in 604 ms
2021-04-12 13:19:40.595  INFO 1416 --- [restartedMain] o.s.b.a.e.web.EndpointLinksResolver      : Exposing 2 endpoint(s) beneath base path '/actuator'
2021-04-12 13:19:40.614  INFO 1416 --- [restartedMain] o.s.s.concurrent.ThreadPoolTaskExecutor  : Initializing ExecutorService
2021-04-12 13:19:40.615  INFO 1416 --- [restartedMain] o.s.s.concurrent.ThreadPoolTaskExecutor  : Initializing ExecutorService 'webCrawlerTaskExecutor'
2021-04-12 13:19:40.644  INFO 1416 --- [restartedMain] o.s.b.d.a.OptionalLiveReloadServer       : LiveReload server is running on port 35729
2021-04-12 13:19:40.727  INFO 1416 --- [restartedMain] o.s.b.w.embedded.tomcat.TomcatWebServer  : Tomcat started on port(s): 5000 (http) with context path ''
2021-04-12 13:19:40.886  INFO 1416 --- [restartedMain] c.d.webCrawler.WebCrawlerApplication     : Started WebCrawlerApplication in 1.136 seconds (JVM running for 371.044)
2021-04-12 13:19:40.890  INFO 1416 --- [restartedMain] .ConditionEvaluationDeltaLoggingListener : Condition evaluation unchanged
2021-04-12 13:19:59.002  INFO 1416 --- [http-nio-5000-exec-1] o.a.c.c.C.[Tomcat].[localhost].[/]       : Initializing Spring DispatcherServlet 'dispatcherServlet'
